#
# A fatal error has been detected by the Java Runtime Environment:
#
#  SIGBUS (0x7) at pc=0x00007f5c64cce442, pid=6752, tid=140034853164800
#
# JRE version: 6.0_20-b20
# Java VM: OpenJDK 64-Bit Server VM (19.0-b09 mixed mode linux-amd64 compressed oops)
# Derivative: IcedTea6 1.9.5
# Distribution: Ubuntu 10.04.1 LTS, package 6b20-1.9.5-0ubuntu1~10.04.1
# Problematic frame:
# C  [libzip.so+0x4442]
#
# If you would like to submit a bug report, please include
# instructions how to reproduce the bug and visit:
#   https://bugs.launchpad.net/ubuntu/+source/openjdk-6/
# The crash happened outside the Java Virtual Machine in native code.
# See problematic frame for where to report the bug.
#

---------------  T H R E A D  ---------------

Current thread (0x0000000001770000):  JavaThread "main" [_thread_in_native, id=6753, stack(0x00007f5c679dd000,0x00007f5c67ade000)]

siginfo:si_signo=SIGBUS: si_errno=0, si_code=2 (BUS_ADRERR), si_addr=0x00007f5c6790f44e

Registers:
RAX=0x0000000001816d90, RBX=0x00007f5c6790f431, RCX=0x0000000001816d80, RDX=0x00007f5c6709ee40
RSP=0x00007f5c67adc4d0, RBP=0x00007f5c67adc510, RSI=0x0000000000000040, RDI=0x00007f5c6709ee40
R8 =0x0000000040000000, R9 =0x00007f5c6709ee60, R10=0x00007f5c61cdac7b, R11=0x00007f5c6682f680
R12=0x0000000001816d90, R13=0x000000000187f6d0, R14=0x00007f5c67adc5e0, R15=0x0000000001816d90
RIP=0x00007f5c64cce442, EFL=0x0000000000010202, CSGSFS=0x0000000000000033, ERR=0x0000000000000004
  TRAPNO=0x000000000000000e

Register to memory mapping:

RAX=0x0000000001816d90
0x0000000001816d90 is pointing to unknown location

RBX=0x00007f5c6790f431
0x00007f5c6790f431 is pointing to unknown location

RCX=0x0000000001816d80
0x0000000001816d80 is pointing to unknown location

RDX=0x00007f5c6709ee40
0x00007f5c6709ee40: <offset 0x37ee40> in /lib/libc.so.6 at 0x00007f5c66d20000

RSP=0x00007f5c67adc4d0
0x00007f5c67adc4d0 is pointing into the stack for thread: 0x0000000001770000
"main" prio=10 tid=0x0000000001770000 nid=0x1a61 runnable [0x00007f5c67adc000]
   java.lang.Thread.State: RUNNABLE

RBP=0x00007f5c67adc510
0x00007f5c67adc510 is pointing into the stack for thread: 0x0000000001770000
"main" prio=10 tid=0x0000000001770000 nid=0x1a61 runnable [0x00007f5c67adc000]
   java.lang.Thread.State: RUNNABLE

RSI=0x0000000000000040
0x0000000000000040 is pointing to unknown location

RDI=0x00007f5c6709ee40
0x00007f5c6709ee40: <offset 0x37ee40> in /lib/libc.so.6 at 0x00007f5c66d20000

R8 =0x0000000040000000
0x0000000040000000 is pointing to unknown location

R9 =0x00007f5c6709ee60
0x00007f5c6709ee60: <offset 0x37ee60> in /lib/libc.so.6 at 0x00007f5c66d20000

R10=0x00007f5c61cdac7b
method entry point (kind = native)  [0x00007f5c61cdaa20, 0x00007f5c61cdb260]  2112 bytes

R11=0x00007f5c6682f680
0x00007f5c6682f680: <offset 0x64d680> in /usr/lib/jvm/java-6-openjdk/jre/lib/amd64/server/libjvm.so at 0x00007f5c661e2000

R12=0x0000000001816d90
0x0000000001816d90 is pointing to unknown location

R13=0x000000000187f6d0
0x000000000187f6d0 is pointing to unknown location

R14=0x00007f5c67adc5e0
0x00007f5c67adc5e0 is pointing into the stack for thread: 0x0000000001770000
"main" prio=10 tid=0x0000000001770000 nid=0x1a61 runnable [0x00007f5c67adc000]
   java.lang.Thread.State: RUNNABLE

R15=0x0000000001816d90
0x0000000001816d90 is pointing to unknown location


Top of Stack: (sp=0x00007f5c67adc4d0)
0x00007f5c67adc4d0:   000000000187f7d0 00007f5c66790191
0x00007f5c67adc4e0:   000000000187f6d0 000000000187f6d0
0x00007f5c67adc4f0:   0000000000000000 00000000b844d538
0x00007f5c67adc500:   00007f5c67adc5e0 0000000001770000
0x00007f5c67adc510:   00007f5c67adc540 00007f5c64cce6ac
0x00007f5c67adc520:   00007f5c61ccedd0 0000000000000000
0x00007f5c67adc530:   00007f5c67adc778 00000000b844d538
0x00007f5c67adc540:   00007f5c67adc5b0 00007f5c61cdaca8
0x00007f5c67adc550:   00007f5c61ccedd0 0000000000000000
0x00007f5c67adc560:   00007f5c67adc778 00007f5c67adc728
0x00007f5c67adc570:   00007f5c67adc570 0000000000000000
0x00007f5c67adc580:   00007f5c67adc5e0 00000000b844f330
0x00007f5c67adc590:   0000000000000000 00000000b844d538
0x00007f5c67adc5a0:   0000000000000000 00007f5c67adc5d0
0x00007f5c67adc5b0:   00007f5c67adc628 00007f5c61ccf929
0x00007f5c67adc5c0:   00000000b844ee68 00007f5c61cd7f57
0x00007f5c67adc5d0:   0000000000000000 000000000187f6d0
0x00007f5c67adc5e0:   00007f5c67adc638 00007f5c67adc5e8
0x00007f5c67adc5f0:   00000000b844e312 00007f5c67adc648
0x00007f5c67adc600:   00000000b844f330 0000000000000000
0x00007f5c67adc610:   00000000b844e338 00007f5c67adc5d0
0x00007f5c67adc620:   00007f5c67adc638 00007f5c67adc6a0
0x00007f5c67adc630:   00007f5c61ccf929 0000000000000000
0x00007f5c67adc640:   000000000187f6d0 00000000ebbf3e58
0x00007f5c67adc650:   0000000000000011 00000000ebbf3e58
0x00007f5c67adc660:   00007f5c67adc650 00000000b8701fce
0x00007f5c67adc670:   00007f5c67adc6d8 00000000b8702530
0x00007f5c67adc680:   0000000000000000 00000000b87020c8
0x00007f5c67adc690:   00007f5c67adc638 00007f5c67adc6d8
0x00007f5c67adc6a0:   00007f5c67adc720 00007f5c61ccf9b3
0x00007f5c67adc6b0:   0000000000000000 0000000000000000
0x00007f5c67adc6c0:   0000000000000000 0000000000000000 

Instructions: (pc=0x00007f5c64cce442)
0x00007f5c64cce432:   28 00 00 00 00 8b 5b 04 49 2b 5d 28 49 03 5d 18
0x00007f5c64cce442:   44 0f b6 73 1d 0f b6 43 1c 41 c1 e6 08 41 09 c6 

Stack: [0x00007f5c679dd000,0x00007f5c67ade000],  sp=0x00007f5c67adc4d0,  free space=1021k
Native frames: (J=compiled Java code, j=interpreted, Vv=VM code, C=native code)
C  [libzip.so+0x4442]
C  [libzip.so+0x46ac]  ZIP_GetNextEntry+0x4c
j  java.util.zip.ZipFile.getNextEntry(JI)J+0
j  java.util.zip.ZipFile.access$400(JI)J+2
j  java.util.zip.ZipFile$2.nextElement()Ljava/util/zip/ZipEntry;+54
j  java.util.zip.ZipFile$2.nextElement()Ljava/lang/Object;+1
j  sun.security.tools.JarSigner.signJar(Ljava/lang/String;Ljava/lang/String;[Ljava/lang/String;)V+1830
j  sun.security.tools.JarSigner.run([Ljava/lang/String;)V+354
j  sun.security.tools.JarSigner.main([Ljava/lang/String;)V+10
v  ~StubRoutines::call_stub
V  [libjvm.so+0x428e08]
V  [libjvm.so+0x427d38]
V  [libjvm.so+0x4330b3]
V  [libjvm.so+0x448711]
C  [jarsigner+0x428d]  JavaMain+0xd7d

Java frames: (J=compiled Java code, j=interpreted, Vv=VM code)
j  java.util.zip.ZipFile.getNextEntry(JI)J+0
j  java.util.zip.ZipFile.access$400(JI)J+2
j  java.util.zip.ZipFile$2.nextElement()Ljava/util/zip/ZipEntry;+54
j  java.util.zip.ZipFile$2.nextElement()Ljava/lang/Object;+1
j  sun.security.tools.JarSigner.signJar(Ljava/lang/String;Ljava/lang/String;[Ljava/lang/String;)V+1830
j  sun.security.tools.JarSigner.run([Ljava/lang/String;)V+354
j  sun.security.tools.JarSigner.main([Ljava/lang/String;)V+10
v  ~StubRoutines::call_stub

---------------  P R O C E S S  ---------------

Java Threads: ( => current thread )
  0x0000000001809000 JavaThread "Low Memory Detector" daemon [_thread_blocked, id=6762, stack(0x00007f5c60ab4000,0x00007f5c60bb5000)]
  0x0000000001806800 JavaThread "CompilerThread1" daemon [_thread_blocked, id=6761, stack(0x00007f5c60bb5000,0x00007f5c60cb6000)]
  0x0000000001803800 JavaThread "CompilerThread0" daemon [_thread_blocked, id=6760, stack(0x00007f5c60cb6000,0x00007f5c60db7000)]
  0x0000000001801800 JavaThread "Signal Dispatcher" daemon [_thread_blocked, id=6759, stack(0x00007f5c60db7000,0x00007f5c60eb8000)]
  0x00000000017dd000 JavaThread "Finalizer" daemon [_thread_blocked, id=6758, stack(0x00007f5c60ef7000,0x00007f5c60ff8000)]
  0x00000000017db000 JavaThread "Reference Handler" daemon [_thread_blocked, id=6757, stack(0x00007f5c60ff8000,0x00007f5c610f9000)]
=>0x0000000001770000 JavaThread "main" [_thread_in_native, id=6753, stack(0x00007f5c679dd000,0x00007f5c67ade000)]

Other Threads:
  0x00000000017d4800 VMThread [stack: 0x00007f5c610f9000,0x00007f5c611fa000] [id=6756]
  0x000000000180e000 WatcherThread [stack: 0x00007f5c609b3000,0x00007f5c60ab4000] [id=6763]

VM state:not at safepoint (normal execution)

VM Mutex/Monitor currently owned by a thread: None

Heap
 PSYoungGen      total 3584K, used 1224K [0x00000000eb800000, 0x00000000ebf00000, 0x0000000100000000)
  eden space 3072K, 24% used [0x00000000eb800000,0x00000000eb8b9718,0x00000000ebb00000)
  from space 512K, 94% used [0x00000000ebb80000,0x00000000ebbf8958,0x00000000ebc00000)
  to   space 512K, 0% used [0x00000000ebb00000,0x00000000ebb00000,0x00000000ebb80000)
 PSOldGen        total 5504K, used 264K [0x00000000c2800000, 0x00000000c2d60000, 0x00000000eb800000)
  object space 5504K, 4% used [0x00000000c2800000,0x00000000c2842080,0x00000000c2d60000)
 PSPermGen       total 21248K, used 5601K [0x00000000b8200000, 0x00000000b96c0000, 0x00000000c2800000)
  object space 21248K, 26% used [0x00000000b8200000,0x00000000b8778640,0x00000000b96c0000)

Dynamic libraries:
00400000-00409000 r-xp 00000000 08:01 66883                              /usr/lib/jvm/java-6-openjdk/bin/jarsigner
00608000-00609000 r--p 00008000 08:01 66883                              /usr/lib/jvm/java-6-openjdk/bin/jarsigner
00609000-0060a000 rw-p 00009000 08:01 66883                              /usr/lib/jvm/java-6-openjdk/bin/jarsigner
01767000-01c84000 rw-p 00000000 00:00 0                                  [heap]
b8200000-b96c0000 rw-p 00000000 00:00 0 
b96c0000-c2800000 rw-p 00000000 00:00 0 
c2800000-c2d60000 rw-p 00000000 00:00 0 
c2d60000-eb800000 rw-p 00000000 00:00 0 
eb800000-ebf00000 rw-p 00000000 00:00 0 
ebf00000-100000000 rw-p 00000000 00:00 0 
7f5c5c000000-7f5c5c2c3000 rw-p 00000000 00:00 0 
7f5c5c2c3000-7f5c60000000 ---p 00000000 00:00 0 
7f5c60954000-7f5c609b3000 r--s 00d86000 08:01 362772                     /usr/lib/jvm/java-6-openjdk/lib/tools.jar
7f5c609b3000-7f5c609b4000 ---p 00000000 00:00 0 
7f5c609b4000-7f5c60ab4000 rw-p 00000000 00:00 0 
7f5c60ab4000-7f5c60ab7000 ---p 00000000 00:00 0 
7f5c60ab7000-7f5c60bb5000 rw-p 00000000 00:00 0 
7f5c60bb5000-7f5c60bb8000 ---p 00000000 00:00 0 
7f5c60bb8000-7f5c60cb6000 rw-p 00000000 00:00 0 
7f5c60cb6000-7f5c60cb9000 ---p 00000000 00:00 0 
7f5c60cb9000-7f5c60db7000 rw-p 00000000 00:00 0 
7f5c60db7000-7f5c60dba000 ---p 00000000 00:00 0 
7f5c60dba000-7f5c60eb8000 rw-p 00000000 00:00 0 
7f5c60eb8000-7f5c60ef7000 r--p 00000000 08:01 58229                      /usr/lib/locale/en_IN/LC_CTYPE
7f5c60ef7000-7f5c60efa000 ---p 00000000 00:00 0 
7f5c60efa000-7f5c60ff8000 rw-p 00000000 00:00 0 
7f5c60ff8000-7f5c60ffb000 ---p 00000000 00:00 0 
7f5c60ffb000-7f5c610f9000 rw-p 00000000 00:00 0 
7f5c610f9000-7f5c610fa000 ---p 00000000 00:00 0 
7f5c610fa000-7f5c614fd000 rw-p 00000000 00:00 0 
7f5c614fd000-7f5c614ff000 r--s 0001d000 08:01 59989                      /usr/lib/jvm/java-6-openjdk/jre/lib/plugin.jar
7f5c614ff000-7f5c61504000 r--s 00044000 08:01 59988                      /usr/lib/jvm/java-6-openjdk/jre/lib/netx.jar
7f5c61504000-7f5c61536000 rw-p 00000000 00:00 0 
7f5c61536000-7f5c616c5000 r--s 038bb000 08:01 58111                      /usr/lib/jvm/java-6-openjdk/jre/lib/rt.jar
7f5c616c5000-7f5c616ed000 rw-p 00000000 00:00 0 
7f5c616ed000-7f5c616ee000 ---p 00000000 00:00 0 
7f5c616ee000-7f5c617ee000 rw-p 00000000 00:00 0 
7f5c617ee000-7f5c617ef000 ---p 00000000 00:00 0 
7f5c617ef000-7f5c618fa000 rw-p 00000000 00:00 0 
7f5c618fa000-7f5c61942000 rw-p 00000000 00:00 0 
7f5c61942000-7f5c61945000 rw-p 00000000 00:00 0 
7f5c61945000-7f5c61a8a000 rw-p 00000000 00:00 0 
7f5c61a8a000-7f5c61a95000 rw-p 00000000 00:00 0 
7f5c61a95000-7f5c61add000 rw-p 00000000 00:00 0 
7f5c61add000-7f5c61ae0000 rw-p 00000000 00:00 0 
7f5c61ae0000-7f5c61c25000 rw-p 00000000 00:00 0 
7f5c61c25000-7f5c61c29000 rw-p 00000000 00:00 0 
7f5c61c29000-7f5c61cc9000 rw-p 00000000 00:00 0 
7f5c61cc9000-7f5c61cca000 rw-p 00000000 00:00 0 
7f5c61cca000-7f5c61f3a000 rwxp 00000000 00:00 0 
7f5c61f3a000-7f5c64cca000 rw-p 00000000 00:00 0 
7f5c64cca000-7f5c64cd1000 r-xp 00000000 08:01 66091                      /usr/lib/jvm/java-6-openjdk/jre/lib/amd64/libzip.so
7f5c64cd1000-7f5c64ed0000 ---p 00007000 08:01 66091                      /usr/lib/jvm/java-6-openjdk/jre/lib/amd64/libzip.so
7f5c64ed0000-7f5c64ed1000 r--p 00006000 08:01 66091                      /usr/lib/jvm/java-6-openjdk/jre/lib/amd64/libzip.so
7f5c64ed1000-7f5c64ed2000 rw-p 00007000 08:01 66091                      /usr/lib/jvm/java-6-openjdk/jre/lib/amd64/libzip.so
7f5c64ed2000-7f5c64ede000 r-xp 00000000 08:01 820574                     /lib/libnss_files-2.11.1.so
7f5c64ede000-7f5c650dd000 ---p 0000c000 08:01 820574                     /lib/libnss_files-2.11.1.so
7f5c650dd000-7f5c650de000 r--p 0000b000 08:01 820574                     /lib/libnss_files-2.11.1.so
7f5c650de000-7f5c650df000 rw-p 0000c000 08:01 820574                     /lib/libnss_files-2.11.1.so
7f5c650df000-7f5c650e9000 r-xp 00000000 08:01 820576                     /lib/libnss_nis-2.11.1.so
7f5c650e9000-7f5c652e8000 ---p 0000a000 08:01 820576                     /lib/libnss_nis-2.11.1.so
7f5c652e8000-7f5c652e9000 r--p 00009000 08:01 820576                     /lib/libnss_nis-2.11.1.so
7f5c652e9000-7f5c652ea000 rw-p 0000a000 08:01 820576                     /lib/libnss_nis-2.11.1.so
7f5c652ea000-7f5c652f2000 r-xp 00000000 08:01 819215                     /lib/libnss_compat-2.11.1.so
7f5c652f2000-7f5c654f1000 ---p 00008000 08:01 819215                     /lib/libnss_compat-2.11.1.so
7f5c654f1000-7f5c654f2000 r--p 00007000 08:01 819215                     /lib/libnss_compat-2.11.1.so
7f5c654f2000-7f5c654f3000 rw-p 00008000 08:01 819215                     /lib/libnss_compat-2.11.1.so
7f5c654f3000-7f5c654fb000 r-xp 00000000 08:01 98451                      /usr/lib/jvm/java-6-openjdk/jre/lib/amd64/native_threads/libhpi.so
7f5c654fb000-7f5c656fa000 ---p 00008000 08:01 98451                      /usr/lib/jvm/java-6-openjdk/jre/lib/amd64/native_threads/libhpi.so
7f5c656fa000-7f5c656fb000 r--p 00007000 08:01 98451                      /usr/lib/jvm/java-6-openjdk/jre/lib/amd64/native_threads/libhpi.so
7f5c656fb000-7f5c656fc000 rw-p 00008000 08:01 98451                      /usr/lib/jvm/java-6-openjdk/jre/lib/amd64/native_threads/libhpi.so
7f5c656fc000-7f5c65713000 r-xp 00000000 08:01 819214                     /lib/libnsl-2.11.1.so
7f5c65713000-7f5c65912000 ---p 00017000 08:01 819214                     /lib/libnsl-2.11.1.so
7f5c65912000-7f5c65913000 r--p 00016000 08:01 819214                     /lib/libnsl-2.11.1.so
7f5c65913000-7f5c65914000 rw-p 00017000 08:01 819214                     /lib/libnsl-2.11.1.so
7f5c65914000-7f5c65916000 rw-p 00000000 00:00 0 
7f5c65916000-7f5c65943000 r-xp 00000000 08:01 66063                      /usr/lib/jvm/java-6-openjdk/jre/lib/amd64/libjava.so
7f5c65943000-7f5c65b42000 ---p 0002d000 08:01 66063                      /usr/lib/jvm/java-6-openjdk/jre/lib/amd64/libjava.so
7f5c65b42000-7f5c65b43000 r--p 0002c000 08:01 66063                      /usr/lib/jvm/java-6-openjdk/jre/lib/amd64/libjava.so
7f5c65b43000-7f5c65b46000 rw-p 0002d000 08:01 66063                      /usr/lib/jvm/java-6-openjdk/jre/lib/amd64/libjava.so
7f5c65b46000-7f5c65b55000 r-xp 00000000 08:01 66090                      /usr/lib/jvm/java-6-openjdk/jre/lib/amd64/libverify.so
7f5c65b55000-7f5c65d54000 ---p 0000f000 08:01 66090                      /usr/lib/jvm/java-6-openjdk/jre/lib/amd64/libverify.so
7f5c65d54000-7f5c65d56000 r--p 0000e000 08:01 66090                      /usr/lib/jvm/java-6-openjdk/jre/lib/amd64/libverify.so
7f5c65d56000-7f5c65d57000 rw-p 00010000 08:01 66090                      /usr/lib/jvm/java-6-openjdk/jre/lib/amd64/libverify.so
7f5c65d57000-7f5c65d5e000 r-xp 00000000 08:01 820581                     /lib/librt-2.11.1.so
7f5c65d5e000-7f5c65f5d000 ---p 00007000 08:01 820581                     /lib/librt-2.11.1.so
7f5c65f5d000-7f5c65f5e000 r--p 00006000 08:01 820581                     /lib/librt-2.11.1.so
7f5c65f5e000-7f5c65f5f000 rw-p 00007000 08:01 820581                     /lib/librt-2.11.1.so
7f5c65f5f000-7f5c65fe1000 r-xp 00000000 08:01 819212                     /lib/libm-2.11.1.so
7f5c65fe1000-7f5c661e0000 ---p 00082000 08:01 819212                     /lib/libm-2.11.1.so
7f5c661e0000-7f5c661e1000 r--p 00081000 08:01 819212                     /lib/libm-2.11.1.so
7f5c661e1000-7f5c661e2000 rw-p 00082000 08:01 819212                     /lib/libm-2.11.1.so
7f5c661e2000-7f5c66a57000 r-xp 00000000 08:01 90140                      /usr/lib/jvm/java-6-openjdk/jre/lib/amd64/server/libjvm.so
7f5c66a57000-7f5c66c56000 ---p 00875000 08:01 90140                      /usr/lib/jvm/java-6-openjdk/jre/lib/amd64/server/libjvm.so
7f5c66c56000-7f5c66ccc000 r--p 00874000 08:01 90140                      /usr/lib/jvm/java-6-openjdk/jre/lib/amd64/server/libjvm.so
7f5c66ccc000-7f5c66ce7000 rw-p 008ea000 08:01 90140                      /usr/lib/jvm/java-6-openjdk/jre/lib/amd64/server/libjvm.so
7f5c66ce7000-7f5c66d20000 rw-p 00000000 00:00 0 
7f5c66d20000-7f5c66e9a000 r-xp 00000000 08:01 819208                     /lib/libc-2.11.1.so
7f5c66e9a000-7f5c67099000 ---p 0017a000 08:01 819208                     /lib/libc-2.11.1.so
7f5c67099000-7f5c6709d000 r--p 00179000 08:01 819208                     /lib/libc-2.11.1.so
7f5c6709d000-7f5c6709e000 rw-p 0017d000 08:01 819208                     /lib/libc-2.11.1.so
7f5c6709e000-7f5c670a3000 rw-p 00000000 00:00 0 
7f5c670a3000-7f5c670a5000 r-xp 00000000 08:01 819211                     /lib/libdl-2.11.1.so
7f5c670a5000-7f5c672a5000 ---p 00002000 08:01 819211                     /lib/libdl-2.11.1.so
7f5c672a5000-7f5c672a6000 r--p 00002000 08:01 819211                     /lib/libdl-2.11.1.so
7f5c672a6000-7f5c672a7000 rw-p 00003000 08:01 819211                     /lib/libdl-2.11.1.so
7f5c672a7000-7f5c672ab000 r-xp 00000000 08:01 90139                      /usr/lib/jvm/java-6-openjdk/jre/lib/amd64/jli/libjli.so
7f5c672ab000-7f5c674aa000 ---p 00004000 08:01 90139                      /usr/lib/jvm/java-6-openjdk/jre/lib/amd64/jli/libjli.so
7f5c674aa000-7f5c674ab000 r--p 00003000 08:01 90139                      /usr/lib/jvm/java-6-openjdk/jre/lib/amd64/jli/libjli.so
7f5c674ab000-7f5c674ac000 rw-p 00004000 08:01 90139                      /usr/lib/jvm/java-6-openjdk/jre/lib/amd64/jli/libjli.so
7f5c674ac000-7f5c674c4000 r-xp 00000000 08:01 820579                     /lib/libpthread-2.11.1.so
7f5c674c4000-7f5c676c3000 ---p 00018000 08:01 820579                     /lib/libpthread-2.11.1.so
7f5c676c3000-7f5c676c4000 r--p 00017000 08:01 820579                     /lib/libpthread-2.11.1.so
7f5c676c4000-7f5c676c5000 rw-p 00018000 08:01 820579                     /lib/libpthread-2.11.1.so
7f5c676c5000-7f5c676c9000 rw-p 00000000 00:00 0 
7f5c676c9000-7f5c676df000 r-xp 00000000 08:01 1851586                    /lib/libz.so.1.2.3.3
7f5c676df000-7f5c678de000 ---p 00016000 08:01 1851586                    /lib/libz.so.1.2.3.3
7f5c678de000-7f5c678df000 r--p 00015000 08:01 1851586                    /lib/libz.so.1.2.3.3
7f5c678df000-7f5c678e0000 rw-p 00016000 08:01 1851586                    /lib/libz.so.1.2.3.3
7f5c678e0000-7f5c67900000 r-xp 00000000 08:01 819205                     /lib/ld-2.11.1.so
7f5c6790f000-7f5c67911000 r--s 00243000 08:01 2908242                    /home/nikhil/Desktop/sdk_drupal/build/android/bin/app-unsigned.apk
7f5c67911000-7f5c67917000 r--s 000fc000 08:01 59990                      /usr/lib/jvm/java-6-openjdk/jre/lib/resources.jar
7f5c67917000-7f5c6791a000 r--s 0000f000 08:01 66031                      /usr/lib/jvm/java-6-openjdk/jre/lib/ext/pulse-java.jar
7f5c6791a000-7f5c6791d000 r--s 00038000 08:01 66026                      /usr/lib/jvm/java-6-openjdk/jre/lib/ext/sunpkcs11.jar
7f5c6791d000-7f5c67927000 rw-p 00000000 00:00 0 
7f5c67927000-7f5c679dd000 rw-p 00000000 00:00 0 
7f5c679dd000-7f5c679e0000 ---p 00000000 00:00 0 
7f5c679e0000-7f5c67ae3000 rw-p 00000000 00:00 0 
7f5c67ae4000-7f5c67aed000 r--s 00065000 08:01 131234                     /usr/share/java/gnome-java-bridge.jar
7f5c67aed000-7f5c67aef000 r--s 00013000 08:01 59983                      /usr/lib/jvm/java-6-openjdk/jre/lib/jce.jar
7f5c67aef000-7f5c67af3000 r--s 0007c000 08:01 59984                      /usr/lib/jvm/java-6-openjdk/jre/lib/jsse.jar
7f5c67af3000-7f5c67afb000 rw-s 00000000 08:01 3811998                    /tmp/hsperfdata_nikhil/6752
7f5c67afb000-7f5c67afc000 rw-p 00000000 00:00 0 
7f5c67afc000-7f5c67afd000 r--p 00000000 00:00 0 
7f5c67afd000-7f5c67aff000 rw-p 00000000 00:00 0 
7f5c67aff000-7f5c67b00000 r--p 0001f000 08:01 819205                     /lib/ld-2.11.1.so
7f5c67b00000-7f5c67b01000 rw-p 00020000 08:01 819205                     /lib/ld-2.11.1.so
7f5c67b01000-7f5c67b02000 rw-p 00000000 00:00 0 
7fffe839b000-7fffe83b0000 rw-p 00000000 00:00 0                          [stack]
7fffe83ff000-7fffe8400000 r-xp 00000000 00:00 0                          [vdso]
ffffffffff600000-ffffffffff601000 r-xp 00000000 00:00 0                  [vsyscall]

VM Arguments:
jvm_args: -Dapplication.home=/usr/lib/jvm/java-6-openjdk -Xms8m 
java_command: sun.security.tools.JarSigner -storepass tirocks -keystore /home/nikhil/.titanium/mobilesdk/linux/1.6.1/android/dev_keystore -signedjar /home/nikhil/Desktop/sdk_drupal/build/android/bin/app.apk /home/nikhil/Desktop/sdk_drupal/build/android/bin/app-unsigned.apk tidev
Launcher Type: SUN_STANDARD

Environment Variables:
PATH=/usr/local/sbin:/usr/local/bin:/usr/sbin:/usr/bin:/sbin:/bin:/usr/games
USERNAME=nikhil
LD_LIBRARY_PATH=/usr/lib/jvm/java-6-openjdk/jre/lib/amd64/server:/usr/lib/jvm/java-6-openjdk/jre/lib/amd64:/usr/lib/jvm/java-6-openjdk/jre/../lib/amd64:
SHELL=/bin/bash
DISPLAY=:0.0

Signal Handlers:
SIGSEGV: [libjvm.so+0x713120], sa_mask[0]=0x7ffbfeff, sa_flags=0x10000004
SIGBUS: [libjvm.so+0x713120], sa_mask[0]=0x7ffbfeff, sa_flags=0x10000004
SIGFPE: [libjvm.so+0x5d48c0], sa_mask[0]=0x7ffbfeff, sa_flags=0x10000004
SIGPIPE: [libjvm.so+0x5d48c0], sa_mask[0]=0x7ffbfeff, sa_flags=0x10000004
SIGXFSZ: [libjvm.so+0x5d48c0], sa_mask[0]=0x7ffbfeff, sa_flags=0x10000004
SIGILL: [libjvm.so+0x5d48c0], sa_mask[0]=0x7ffbfeff, sa_flags=0x10000004
SIGUSR1: SIG_DFL, sa_mask[0]=0x00000000, sa_flags=0x00000000
SIGUSR2: [libjvm.so+0x5d3fd0], sa_mask[0]=0x00001000, sa_flags=0x10000004
SIGHUP: [libjvm.so+0x5d6a40], sa_mask[0]=0x7ffbfeff, sa_flags=0x10000004
SIGINT: [libjvm.so+0x5d6a40], sa_mask[0]=0x7ffbfeff, sa_flags=0x10000004
SIGTERM: [libjvm.so+0x5d6a40], sa_mask[0]=0x7ffbfeff, sa_flags=0x10000004
SIGQUIT: [libjvm.so+0x5d6a40], sa_mask[0]=0x7ffbfeff, sa_flags=0x10000004


---------------  S Y S T E M  ---------------

OS:Ubuntu 10.04 (lucid)
uname:Linux 2.6.32-30-generic #59-Ubuntu SMP Tue Mar 1 21:30:46 UTC 2011 x86_64
libc:glibc 2.11.1 NPTL 2.11.1 
rlimit: STACK 8192k, CORE 0k, NPROC infinity, NOFILE 1024, AS infinity
load average:3.35 1.36 0.68

/proc/meminfo:
MemTotal:        4022392 kB
MemFree:         1504724 kB
Buffers:          107272 kB
Cached:          1021260 kB
SwapCached:            0 kB
Active:          1520416 kB
Inactive:         769708 kB
Active(anon):    1116924 kB
Inactive(anon):   147956 kB
Active(file):     403492 kB
Inactive(file):   621752 kB
Unevictable:          16 kB
Mlocked:              16 kB
SwapTotal:             0 kB
SwapFree:              0 kB
Dirty:              5032 kB
Writeback:             0 kB
AnonPages:       1161688 kB
Mapped:           185600 kB
Shmem:            103212 kB
Slab:              74364 kB
SReclaimable:      46468 kB
SUnreclaim:        27896 kB
KernelStack:        3288 kB
PageTables:        40600 kB
NFS_Unstable:          0 kB
Bounce:                0 kB
WritebackTmp:          0 kB
CommitLimit:     2011196 kB
Committed_AS:    4987940 kB
VmallocTotal:   34359738367 kB
VmallocUsed:      361984 kB
VmallocChunk:   34359310968 kB
HardwareCorrupted:     0 kB
HugePages_Total:       0
HugePages_Free:        0
HugePages_Rsvd:        0
HugePages_Surp:        0
Hugepagesize:       2048 kB
DirectMap4k:        8956 kB
DirectMap2M:     4149248 kB


CPU:total 2 (2 cores per cpu, 1 threads per core) family 6 model 23 stepping 10, cmov, cx8, fxsr, mmx, sse, sse2, sse3, ssse3, sse4.1

Memory: 4k page, physical 4022392k(1504724k free), swap 0k(0k free)

vm_info: OpenJDK 64-Bit Server VM (19.0-b09) for linux-amd64 JRE (1.6.0_20-b20), built on Jan 27 2011 22:54:42 by "buildd" with gcc 4.4.3

time: Wed Apr 27 12:22:53 2011
elapsed time: 0 seconds

